# JRE version: Java(TM) SE Runtime Environment (8.0_66-b18) (build 1.8.0_66-b18)
# Java VM: Java HotSpot(TM) 64-Bit Server VM (25.66-b18 mixed mode windows-amd64 compressed oops)
Heap:
 PSYoungGen      total 619520K, used 22008K [0x0000000780380000, 0x00000007ad980000, 0x00000007c0000000)
  eden space 603136K, 3% used [0x0000000780380000,0x00000007818fe2b0,0x00000007a5080000)
  from space 16384K, 0% used [0x00000007a5080000,0x00000007a5080000,0x00000007a6080000)
  to   space 70144K, 0% used [0x00000007a9500000,0x00000007a9500000,0x00000007ad980000)
 ParOldGen       total 322560K, used 204467K [0x0000000700a00000, 0x0000000714500000, 0x0000000780380000)
  object space 322560K, 63% used [0x0000000700a00000,0x000000070d1ace70,0x0000000714500000)
 Metaspace       used 39647K, capacity 39983K, committed 40448K, reserved 1085440K
  class space    used 4644K, capacity 4754K, committed 4864K, reserved 1048576K
GC Heap History (10 events):
Event: 44.888 GC heap before
{Heap before GC invocations=23 (full 7):
 PSYoungGen      total 569856K, used 518144K [0x0000000780380000, 0x00000007a6880000, 0x00000007c0000000)
  eden space 518144K, 100% used [0x0000000780380000,0x000000079fd80000,0x000000079fd80000)
  from space 51712K, 0% used [0x00000007a3600000,0x00000007a3600000,0x00000007a6880000)
  to   space 54784K, 0% used [0x000000079fd80000,0x000000079fd80000,0x00000007a3300000)
 ParOldGen       total 172544K, used 137470K [0x0000000700a00000, 0x000000070b280000, 0x0000000780380000)
  object space 172544K, 79% used [0x0000000700a00000,0x000000070903fbf8,0x000000070b280000)
 Metaspace       used 38603K, capacity 38953K, committed 39424K, reserved 1083392K
  class space    used 4602K, capacity 4753K, committed 4864K, reserved 1048576K
Event: 45.202 GC heap after
Heap after GC invocations=23 (full 7):
 PSYoungGen      total 569856K, used 15178K [0x0000000780380000, 0x00000007a6880000, 0x00000007c0000000)
  eden space 518144K, 2% used [0x0000000780380000,0x00000007812528e0,0x000000079fd80000)
  from space 51712K, 0% used [0x00000007a3600000,0x00000007a3600000,0x00000007a6880000)
  to   space 54784K, 0% used [0x000000079fd80000,0x000000079fd80000,0x00000007a3300000)
 ParOldGen       total 322560K, used 172444K [0x0000000700a00000, 0x0000000714500000, 0x0000000780380000)
  object space 322560K, 53% used [0x0000000700a00000,0x000000070b267240,0x0000000714500000)
 Metaspace       used 38603K, capacity 38953K, committed 39424K, reserved 1083392K
  class space    used 4602K, capacity 4753K, committed 4864K, reserved 1048576K
}
Event: 65.829 GC heap before
{Heap before GC invocations=24 (full 7):
 PSYoungGen      total 569856K, used 518144K [0x0000000780380000, 0x00000007a6880000, 0x00000007c0000000)
  eden space 518144K, 100% used [0x0000000780380000,0x000000079fd80000,0x000000079fd80000)
  from space 51712K, 0% used [0x00000007a3600000,0x00000007a3600000,0x00000007a6880000)
  to   space 54784K, 0% used [0x000000079fd80000,0x000000079fd80000,0x00000007a3300000)
 ParOldGen       total 322560K, used 172444K [0x0000000700a00000, 0x0000000714500000, 0x0000000780380000)
  object space 322560K, 53% used [0x0000000700a00000,0x000000070b267240,0x0000000714500000)
 Metaspace       used 39172K, capacity 39599K, committed 40192K, reserved 1085440K
  class space    used 4619K, capacity 4754K, committed 4864K, reserved 1048576K
Event: 65.872 GC heap after
Heap after GC invocations=24 (full 7):
 PSYoungGen      total 572928K, used 44221K [0x0000000780380000, 0x00000007ad380000, 0x00000007c0000000)
  eden space 518144K, 0% used [0x0000000780380000,0x0000000780380000,0x000000079fd80000)
  from space 54784K, 80% used [0x000000079fd80000,0x00000007a28af590,0x00000007a3300000)
  to   space 60416K, 0% used [0x00000007a9880000,0x00000007a9880000,0x00000007ad380000)
 ParOldGen       total 322560K, used 172452K [0x0000000700a00000, 0x0000000714500000, 0x0000000780380000)
  object space 322560K, 53% used [0x0000000700a00000,0x000000070b269240,0x0000000714500000)
 Metaspace       used 39172K, capacity 39599K, committed 40192K, reserved 1085440K
  class space    used 4619K, capacity 4754K, committed 4864K, reserved 1048576K
}
Event: 86.173 GC heap before
{Heap before GC invocations=25 (full 7):
 PSYoungGen      total 572928K, used 562365K [0x0000000780380000, 0x00000007ad380000, 0x00000007c0000000)
  eden space 518144K, 100% used [0x0000000780380000,0x000000079fd80000,0x000000079fd80000)
  from space 54784K, 80% used [0x000000079fd80000,0x00000007a28af590,0x00000007a3300000)
  to   space 60416K, 0% used [0x00000007a9880000,0x00000007a9880000,0x00000007ad380000)
 ParOldGen       total 322560K, used 172452K [0x0000000700a00000, 0x0000000714500000, 0x0000000780380000)
  object space 322560K, 53% used [0x0000000700a00000,0x000000070b269240,0x0000000714500000)
 Metaspace       used 39529K, capacity 39855K, committed 40448K, reserved 1085440K
  class space    used 4632K, capacity 4754K, committed 4864K, reserved 1048576K
Event: 86.228 GC heap after
Heap after GC invocations=25 (full 7):
 PSYoungGen      total 663552K, used 60404K [0x0000000780380000, 0x00000007ade80000, 0x00000007c0000000)
  eden space 603136K, 0% used [0x0000000780380000,0x0000000780380000,0x00000007a5080000)
  from space 60416K, 99% used [0x00000007a9880000,0x00000007ad37d300,0x00000007ad380000)
  to   space 72704K, 0% used [0x00000007a5080000,0x00000007a5080000,0x00000007a9780000)
 ParOldGen       total 322560K, used 178693K [0x0000000700a00000, 0x0000000714500000, 0x0000000780380000)
  object space 322560K, 55% used [0x0000000700a00000,0x000000070b8814c8,0x0000000714500000)
 Metaspace       used 39529K, capacity 39855K, committed 40448K, reserved 1085440K
  class space    used 4632K, capacity 4754K, committed 4864K, reserved 1048576K
}
Event: 95.903 GC heap before
{Heap before GC invocations=26 (full 7):
 PSYoungGen      total 663552K, used 316979K [0x0000000780380000, 0x00000007ade80000, 0x00000007c0000000)
  eden space 603136K, 42% used [0x0000000780380000,0x000000078fe0fca8,0x00000007a5080000)
  from space 60416K, 99% used [0x00000007a9880000,0x00000007ad37d300,0x00000007ad380000)
  to   space 72704K, 0% used [0x00000007a5080000,0x00000007a5080000,0x00000007a9780000)
 ParOldGen       total 322560K, used 178693K [0x0000000700a00000, 0x0000000714500000, 0x0000000780380000)
  object space 322560K, 55% used [0x0000000700a00000,0x000000070b8814c8,0x0000000714500000)
 Metaspace       used 39619K, capacity 39983K, committed 40448K, reserved 1085440K
  class space    used 4640K, capacity 4754K, committed 4864K, reserved 1048576K
Event: 95.964 GC heap after
Heap after GC invocations=26 (full 7):
 PSYoungGen      total 619520K, used 16369K [0x0000000780380000, 0x00000007ad980000, 0x00000007c0000000)
  eden space 603136K, 0% used [0x0000000780380000,0x0000000780380000,0x00000007a5080000)
  from space 16384K, 99% used [0x00000007a5080000,0x00000007a607c450,0x00000007a6080000)
  to   space 70144K, 0% used [0x00000007a9500000,0x00000007a9500000,0x00000007ad980000)
 ParOldGen       total 322560K, used 232961K [0x0000000700a00000, 0x0000000714500000, 0x0000000780380000)
  object space 322560K, 72% used [0x0000000700a00000,0x000000070ed80600,0x0000000714500000)
 Metaspace       used 39619K, capacity 39983K, committed 40448K, reserved 1085440K
  class space    used 4640K, capacity 4754K, committed 4864K, reserved 1048576K
}
Event: 95.964 GC heap before
{Heap before GC invocations=27 (full 8):
 PSYoungGen      total 619520K, used 16369K [0x0000000780380000, 0x00000007ad980000, 0x00000007c0000000)
  eden space 603136K, 0% used [0x0000000780380000,0x0000000780380000,0x00000007a5080000)
  from space 16384K, 99% used [0x00000007a5080000,0x00000007a607c450,0x00000007a6080000)
  to   space 70144K, 0% used [0x00000007a9500000,0x00000007a9500000,0x00000007ad980000)
 ParOldGen       total 322560K, used 232961K [0x0000000700a00000, 0x0000000714500000, 0x0000000780380000)
  object space 322560K, 72% used [0x0000000700a00000,0x000000070ed80600,0x0000000714500000)
 Metaspace       used 39619K, capacity 39983K, committed 40448K, reserved 1085440K
  class space    used 4640K, capacity 4754K, committed 4864K, reserved 1048576K
Event: 96.157 GC heap after
Heap after GC invocations=27 (full 8):
 PSYoungGen      total 619520K, used 0K [0x0000000780380000, 0x00000007ad980000, 0x00000007c0000000)
  eden space 603136K, 0% used [0x0000000780380000,0x0000000780380000,0x00000007a5080000)
  from space 16384K, 0% used [0x00000007a5080000,0x00000007a5080000,0x00000007a6080000)
  to   space 70144K, 0% used [0x00000007a9500000,0x00000007a9500000,0x00000007ad980000)
 ParOldGen       total 322560K, used 204467K [0x0000000700a00000, 0x0000000714500000, 0x0000000780380000)
  object space 322560K, 63% used [0x0000000700a00000,0x000000070d1ace70,0x0000000714500000)
 Metaspace       used 39619K, capacity 39983K, committed 40448K, reserved 1085440K
  class space    used 4640K, capacity 4754K, committed 4864K, reserved 1048576K
}

