# JRE version: Java(TM) SE Runtime Environment (8.0_66-b18) (build 1.8.0_66-b18)
# Java VM: Java HotSpot(TM) 64-Bit Server VM (25.66-b18 mixed mode windows-amd64 compressed oops)
Heap:
 PSYoungGen      total 298496K, used 169064K [0x0000000780380000, 0x0000000798680000, 0x00000007c0000000)
  eden space 268800K, 60% used [0x0000000780380000,0x000000078a35bb40,0x0000000790a00000)
  from space 29696K, 18% used [0x0000000790a00000,0x0000000790f3e880,0x0000000792700000)
  to   space 29696K, 0% used [0x0000000796980000,0x0000000796980000,0x0000000798680000)
 ParOldGen       total 159744K, used 62859K [0x0000000700a00000, 0x000000070a600000, 0x0000000780380000)
  object space 159744K, 39% used [0x0000000700a00000,0x0000000704762de8,0x000000070a600000)
 Metaspace       used 29583K, capacity 29847K, committed 30208K, reserved 1075200K
  class space    used 3682K, capacity 3764K, committed 3840K, reserved 1048576K
GC Heap History (10 events):
Event: 18.406 GC heap before
{Heap before GC invocations=14 (full 2):
 PSYoungGen      total 196608K, used 196604K [0x0000000780380000, 0x000000078f200000, 0x00000007c0000000)
  eden space 184832K, 100% used [0x0000000780380000,0x000000078b800000,0x000000078b800000)
  from space 11776K, 99% used [0x000000078b800000,0x000000078c37f2f8,0x000000078c380000)
  to   space 17408K, 0% used [0x000000078e100000,0x000000078e100000,0x000000078f200000)
 ParOldGen       total 91648K, used 39692K [0x0000000700a00000, 0x0000000706380000, 0x0000000780380000)
  object space 91648K, 43% used [0x0000000700a00000,0x00000007030c33b8,0x0000000706380000)
 Metaspace       used 24449K, capacity 24627K, committed 24960K, reserved 1071104K
  class space    used 3047K, capacity 3116K, committed 3200K, reserved 1048576K
Event: 18.448 GC heap after
Heap after GC invocations=14 (full 2):
 PSYoungGen      total 213504K, used 17407K [0x0000000780380000, 0x0000000794b80000, 0x00000007c0000000)
  eden space 196096K, 0% used [0x0000000780380000,0x0000000780380000,0x000000078c300000)
  from space 17408K, 99% used [0x000000078e100000,0x000000078f1ffca8,0x000000078f200000)
  to   space 30720K, 0% used [0x000000078c300000,0x000000078c300000,0x000000078e100000)
 ParOldGen       total 91648K, used 69309K [0x0000000700a00000, 0x0000000706380000, 0x0000000780380000)
  object space 91648K, 75% used [0x0000000700a00000,0x0000000704daf7f0,0x0000000706380000)
 Metaspace       used 24449K, capacity 24627K, committed 24960K, reserved 1071104K
  class space    used 3047K, capacity 3116K, committed 3200K, reserved 1048576K
}
Event: 20.069 GC heap before
{Heap before GC invocations=15 (full 2):
 PSYoungGen      total 213504K, used 213503K [0x0000000780380000, 0x0000000794b80000, 0x00000007c0000000)
  eden space 196096K, 100% used [0x0000000780380000,0x000000078c300000,0x000000078c300000)
  from space 17408K, 99% used [0x000000078e100000,0x000000078f1ffca8,0x000000078f200000)
  to   space 30720K, 0% used [0x000000078c300000,0x000000078c300000,0x000000078e100000)
 ParOldGen       total 91648K, used 69309K [0x0000000700a00000, 0x0000000706380000, 0x0000000780380000)
  object space 91648K, 75% used [0x0000000700a00000,0x0000000704daf7f0,0x0000000706380000)
 Metaspace       used 27451K, capacity 27735K, committed 28160K, reserved 1073152K
  class space    used 3471K, capacity 3572K, committed 3584K, reserved 1048576K
Event: 20.091 GC heap after
Heap after GC invocations=15 (full 2):
 PSYoungGen      total 226816K, used 17798K [0x0000000780380000, 0x0000000795980000, 0x00000007c0000000)
  eden space 196096K, 0% used [0x0000000780380000,0x0000000780380000,0x000000078c300000)
  from space 30720K, 57% used [0x000000078c300000,0x000000078d461868,0x000000078e100000)
  to   space 30720K, 0% used [0x0000000793b80000,0x0000000793b80000,0x0000000795980000)
 ParOldGen       total 91648K, used 79785K [0x0000000700a00000, 0x0000000706380000, 0x0000000780380000)
  object space 91648K, 87% used [0x0000000700a00000,0x00000007057ea778,0x0000000706380000)
 Metaspace       used 27451K, capacity 27735K, committed 28160K, reserved 1073152K
  class space    used 3471K, capacity 3572K, committed 3584K, reserved 1048576K
}
Event: 20.091 GC heap before
{Heap before GC invocations=16 (full 3):
 PSYoungGen      total 226816K, used 17798K [0x0000000780380000, 0x0000000795980000, 0x00000007c0000000)
  eden space 196096K, 0% used [0x0000000780380000,0x0000000780380000,0x000000078c300000)
  from space 30720K, 57% used [0x000000078c300000,0x000000078d461868,0x000000078e100000)
  to   space 30720K, 0% used [0x0000000793b80000,0x0000000793b80000,0x0000000795980000)
 ParOldGen       total 91648K, used 79785K [0x0000000700a00000, 0x0000000706380000, 0x0000000780380000)
  object space 91648K, 87% used [0x0000000700a00000,0x00000007057ea778,0x0000000706380000)
 Metaspace       used 27451K, capacity 27735K, committed 28160K, reserved 1073152K
  class space    used 3471K, capacity 3572K, committed 3584K, reserved 1048576K
Event: 20.222 GC heap after
Heap after GC invocations=16 (full 3):
 PSYoungGen      total 226816K, used 0K [0x0000000780380000, 0x0000000795980000, 0x00000007c0000000)
  eden space 196096K, 0% used [0x0000000780380000,0x0000000780380000,0x000000078c300000)
  from space 30720K, 0% used [0x000000078c300000,0x000000078c300000,0x000000078e100000)
  to   space 30720K, 0% used [0x0000000793b80000,0x0000000793b80000,0x0000000795980000)
 ParOldGen       total 159744K, used 59854K [0x0000000700a00000, 0x000000070a600000, 0x0000000780380000)
  object space 159744K, 37% used [0x0000000700a00000,0x0000000704473b30,0x000000070a600000)
 Metaspace       used 27451K, capacity 27735K, committed 28160K, reserved 1073152K
  class space    used 3471K, capacity 3572K, committed 3584K, reserved 1048576K
}
Event: 24.602 GC heap before
{Heap before GC invocations=17 (full 3):
 PSYoungGen      total 226816K, used 196096K [0x0000000780380000, 0x0000000795980000, 0x00000007c0000000)
  eden space 196096K, 100% used [0x0000000780380000,0x000000078c300000,0x000000078c300000)
  from space 30720K, 0% used [0x000000078c300000,0x000000078c300000,0x000000078e100000)
  to   space 30720K, 0% used [0x0000000793b80000,0x0000000793b80000,0x0000000795980000)
 ParOldGen       total 159744K, used 59854K [0x0000000700a00000, 0x000000070a600000, 0x0000000780380000)
  object space 159744K, 37% used [0x0000000700a00000,0x0000000704473b30,0x000000070a600000)
 Metaspace       used 28771K, capacity 29047K, committed 29440K, reserved 1075200K
  class space    used 3631K, capacity 3732K, committed 3840K, reserved 1048576K
Event: 24.610 GC heap after
Heap after GC invocations=17 (full 3):
 PSYoungGen      total 269312K, used 8192K [0x0000000780380000, 0x0000000794400000, 0x00000007c0000000)
  eden space 260608K, 0% used [0x0000000780380000,0x0000000780380000,0x0000000790200000)
  from space 8704K, 94% used [0x0000000793b80000,0x0000000794380298,0x0000000794400000)
  to   space 29696K, 0% used [0x0000000790a00000,0x0000000790a00000,0x0000000792700000)
 ParOldGen       total 159744K, used 59862K [0x0000000700a00000, 0x000000070a600000, 0x0000000780380000)
  object space 159744K, 37% used [0x0000000700a00000,0x0000000704475b30,0x000000070a600000)
 Metaspace       used 28771K, capacity 29047K, committed 29440K, reserved 1075200K
  class space    used 3631K, capacity 3732K, committed 3840K, reserved 1048576K
}
Event: 28.389 GC heap before
{Heap before GC invocations=18 (full 3):
 PSYoungGen      total 269312K, used 268800K [0x0000000780380000, 0x0000000794400000, 0x00000007c0000000)
  eden space 260608K, 100% used [0x0000000780380000,0x0000000790200000,0x0000000790200000)
  from space 8704K, 94% used [0x0000000793b80000,0x0000000794380298,0x0000000794400000)
  to   space 29696K, 0% used [0x0000000790a00000,0x0000000790a00000,0x0000000792700000)
 ParOldGen       total 159744K, used 59862K [0x0000000700a00000, 0x000000070a600000, 0x0000000780380000)
  object space 159744K, 37% used [0x0000000700a00000,0x0000000704475b30,0x000000070a600000)
 Metaspace       used 29105K, capacity 29367K, committed 29696K, reserved 1075200K
  class space    used 3655K, capacity 3732K, committed 3840K, reserved 1048576K
Event: 28.397 GC heap after
Heap after GC invocations=18 (full 3):
 PSYoungGen      total 298496K, used 5370K [0x0000000780380000, 0x0000000798680000, 0x00000007c0000000)
  eden space 268800K, 0% used [0x0000000780380000,0x0000000780380000,0x0000000790a00000)
  from space 29696K, 18% used [0x0000000790a00000,0x0000000790f3e880,0x0000000792700000)
  to   space 29696K, 0% used [0x0000000796980000,0x0000000796980000,0x0000000798680000)
 ParOldGen       total 159744K, used 62859K [0x0000000700a00000, 0x000000070a600000, 0x0000000780380000)
  object space 159744K, 39% used [0x0000000700a00000,0x0000000704762de8,0x000000070a600000)
 Metaspace       used 29105K, capacity 29367K, committed 29696K, reserved 1075200K
  class space    used 3655K, capacity 3732K, committed 3840K, reserved 1048576K
}

