# JRE version: Java(TM) SE Runtime Environment (8.0_66-b18) (build 1.8.0_66-b18)
# Java VM: Java HotSpot(TM) 64-Bit Server VM (25.66-b18 mixed mode windows-amd64 compressed oops)
Heap:
 PSYoungGen      total 726528K, used 23933K [0x0000000780380000, 0x00000007b1100000, 0x00000007c0000000)
  eden space 659968K, 3% used [0x0000000780380000,0x0000000781adf7f0,0x00000007a8800000)
  from space 66560K, 0% used [0x00000007a8800000,0x00000007a8800000,0x00000007ac900000)
  to   space 70144K, 0% used [0x00000007acc80000,0x00000007acc80000,0x00000007b1100000)
 ParOldGen       total 325632K, used 217221K [0x0000000700a00000, 0x0000000714800000, 0x0000000780380000)
  object space 325632K, 66% used [0x0000000700a00000,0x000000070de215b8,0x0000000714800000)
 Metaspace       used 39253K, capacity 39657K, committed 40192K, reserved 1085440K
  class space    used 4628K, capacity 4753K, committed 4864K, reserved 1048576K
GC Heap History (10 events):
Event: 43.628 GC heap before
{Heap before GC invocations=23 (full 7):
 PSYoungGen      total 609280K, used 556032K [0x0000000780380000, 0x00000007a9180000, 0x00000007c0000000)
  eden space 556032K, 100% used [0x0000000780380000,0x00000007a2280000,0x00000007a2280000)
  from space 53248K, 0% used [0x00000007a5d80000,0x00000007a5d80000,0x00000007a9180000)
  to   space 56832K, 0% used [0x00000007a2280000,0x00000007a2280000,0x00000007a5a00000)
 ParOldGen       total 176640K, used 138139K [0x0000000700a00000, 0x000000070b680000, 0x0000000780380000)
  object space 176640K, 78% used [0x0000000700a00000,0x00000007090e6d20,0x000000070b680000)
 Metaspace       used 38809K, capacity 39145K, committed 39680K, reserved 1083392K
  class space    used 4613K, capacity 4753K, committed 4864K, reserved 1048576K
Event: 43.929 GC heap after
Heap after GC invocations=23 (full 7):
 PSYoungGen      total 609280K, used 28989K [0x0000000780380000, 0x00000007a9180000, 0x00000007c0000000)
  eden space 556032K, 5% used [0x0000000780380000,0x0000000781fcf470,0x00000007a2280000)
  from space 53248K, 0% used [0x00000007a5d80000,0x00000007a5d80000,0x00000007a9180000)
  to   space 56832K, 0% used [0x00000007a2280000,0x00000007a2280000,0x00000007a5a00000)
 ParOldGen       total 325632K, used 176548K [0x0000000700a00000, 0x0000000714800000, 0x0000000780380000)
  object space 325632K, 54% used [0x0000000700a00000,0x000000070b669200,0x0000000714800000)
 Metaspace       used 38809K, capacity 39145K, committed 39680K, reserved 1083392K
  class space    used 4613K, capacity 4753K, committed 4864K, reserved 1048576K
}
Event: 243.128 GC heap before
{Heap before GC invocations=24 (full 7):
 PSYoungGen      total 609280K, used 556032K [0x0000000780380000, 0x00000007a9180000, 0x00000007c0000000)
  eden space 556032K, 100% used [0x0000000780380000,0x00000007a2280000,0x00000007a2280000)
  from space 53248K, 0% used [0x00000007a5d80000,0x00000007a5d80000,0x00000007a9180000)
  to   space 56832K, 0% used [0x00000007a2280000,0x00000007a2280000,0x00000007a5a00000)
 ParOldGen       total 325632K, used 176548K [0x0000000700a00000, 0x0000000714800000, 0x0000000780380000)
  object space 325632K, 54% used [0x0000000700a00000,0x000000070b669200,0x0000000714800000)
 Metaspace       used 39162K, capacity 39529K, committed 39936K, reserved 1085440K
  class space    used 4618K, capacity 4753K, committed 4864K, reserved 1048576K
Event: 243.168 GC heap after
Heap after GC invocations=24 (full 7):
 PSYoungGen      total 612864K, used 42767K [0x0000000780380000, 0x00000007b1580000, 0x00000007c0000000)
  eden space 556032K, 0% used [0x0000000780380000,0x0000000780380000,0x00000007a2280000)
  from space 56832K, 75% used [0x00000007a2280000,0x00000007a4c43ca0,0x00000007a5a00000)
  to   space 61952K, 0% used [0x00000007ad900000,0x00000007ad900000,0x00000007b1580000)
 ParOldGen       total 325632K, used 176556K [0x0000000700a00000, 0x0000000714800000, 0x0000000780380000)
  object space 325632K, 54% used [0x0000000700a00000,0x000000070b66b200,0x0000000714800000)
 Metaspace       used 39162K, capacity 39529K, committed 39936K, reserved 1085440K
  class space    used 4618K, capacity 4753K, committed 4864K, reserved 1048576K
}
Event: 611.104 GC heap before
{Heap before GC invocations=25 (full 7):
 PSYoungGen      total 612864K, used 598799K [0x0000000780380000, 0x00000007b1580000, 0x00000007c0000000)
  eden space 556032K, 100% used [0x0000000780380000,0x00000007a2280000,0x00000007a2280000)
  from space 56832K, 75% used [0x00000007a2280000,0x00000007a4c43ca0,0x00000007a5a00000)
  to   space 61952K, 0% used [0x00000007ad900000,0x00000007ad900000,0x00000007b1580000)
 ParOldGen       total 325632K, used 176556K [0x0000000700a00000, 0x0000000714800000, 0x0000000780380000)
  object space 325632K, 54% used [0x0000000700a00000,0x000000070b66b200,0x0000000714800000)
 Metaspace       used 39164K, capacity 39529K, committed 39936K, reserved 1085440K
  class space    used 4618K, capacity 4753K, committed 4864K, reserved 1048576K
Event: 611.144 GC heap after
Heap after GC invocations=25 (full 7):
 PSYoungGen      total 710144K, used 45197K [0x0000000780380000, 0x00000007b0a00000, 0x00000007c0000000)
  eden space 659968K, 0% used [0x0000000780380000,0x0000000780380000,0x00000007a8800000)
  from space 50176K, 90% used [0x00000007ad900000,0x00000007b0523430,0x00000007b0a00000)
  to   space 66560K, 0% used [0x00000007a8800000,0x00000007a8800000,0x00000007ac900000)
 ParOldGen       total 325632K, used 176564K [0x0000000700a00000, 0x0000000714800000, 0x0000000780380000)
  object space 325632K, 54% used [0x0000000700a00000,0x000000070b66d200,0x0000000714800000)
 Metaspace       used 39164K, capacity 39529K, committed 39936K, reserved 1085440K
  class space    used 4618K, capacity 4753K, committed 4864K, reserved 1048576K
}
Event: 1008.093 GC heap before
{Heap before GC invocations=26 (full 7):
 PSYoungGen      total 710144K, used 583453K [0x0000000780380000, 0x00000007b0a00000, 0x00000007c0000000)
  eden space 659968K, 81% used [0x0000000780380000,0x00000007a1124118,0x00000007a8800000)
  from space 50176K, 90% used [0x00000007ad900000,0x00000007b0523430,0x00000007b0a00000)
  to   space 66560K, 0% used [0x00000007a8800000,0x00000007a8800000,0x00000007ac900000)
 ParOldGen       total 325632K, used 176564K [0x0000000700a00000, 0x0000000714800000, 0x0000000780380000)
  object space 325632K, 54% used [0x0000000700a00000,0x000000070b66d200,0x0000000714800000)
 Metaspace       used 39220K, capacity 39657K, committed 40192K, reserved 1085440K
  class space    used 4625K, capacity 4753K, committed 4864K, reserved 1048576K
Event: 1008.122 GC heap after
Heap after GC invocations=26 (full 7):
 PSYoungGen      total 726528K, used 45247K [0x0000000780380000, 0x00000007b1100000, 0x00000007c0000000)
  eden space 659968K, 0% used [0x0000000780380000,0x0000000780380000,0x00000007a8800000)
  from space 66560K, 67% used [0x00000007a8800000,0x00000007ab42fc70,0x00000007ac900000)
  to   space 70144K, 0% used [0x00000007acc80000,0x00000007acc80000,0x00000007b1100000)
 ParOldGen       total 325632K, used 176572K [0x0000000700a00000, 0x0000000714800000, 0x0000000780380000)
  object space 325632K, 54% used [0x0000000700a00000,0x000000070b66f200,0x0000000714800000)
 Metaspace       used 39220K, capacity 39657K, committed 40192K, reserved 1085440K
  class space    used 4625K, capacity 4753K, committed 4864K, reserved 1048576K
}
Event: 1008.122 GC heap before
{Heap before GC invocations=27 (full 8):
 PSYoungGen      total 726528K, used 45247K [0x0000000780380000, 0x00000007b1100000, 0x00000007c0000000)
  eden space 659968K, 0% used [0x0000000780380000,0x0000000780380000,0x00000007a8800000)
  from space 66560K, 67% used [0x00000007a8800000,0x00000007ab42fc70,0x00000007ac900000)
  to   space 70144K, 0% used [0x00000007acc80000,0x00000007acc80000,0x00000007b1100000)
 ParOldGen       total 325632K, used 176572K [0x0000000700a00000, 0x0000000714800000, 0x0000000780380000)
  object space 325632K, 54% used [0x0000000700a00000,0x000000070b66f200,0x0000000714800000)
 Metaspace       used 39220K, capacity 39657K, committed 40192K, reserved 1085440K
  class space    used 4625K, capacity 4753K, committed 4864K, reserved 1048576K
Event: 1008.584 GC heap after
Heap after GC invocations=27 (full 8):
 PSYoungGen      total 726528K, used 0K [0x0000000780380000, 0x00000007b1100000, 0x00000007c0000000)
  eden space 659968K, 0% used [0x0000000780380000,0x0000000780380000,0x00000007a8800000)
  from space 66560K, 0% used [0x00000007a8800000,0x00000007a8800000,0x00000007ac900000)
  to   space 70144K, 0% used [0x00000007acc80000,0x00000007acc80000,0x00000007b1100000)
 ParOldGen       total 325632K, used 217221K [0x0000000700a00000, 0x0000000714800000, 0x0000000780380000)
  object space 325632K, 66% used [0x0000000700a00000,0x000000070de215b8,0x0000000714800000)
 Metaspace       used 39220K, capacity 39657K, committed 40192K, reserved 1085440K
  class space    used 4625K, capacity 4753K, committed 4864K, reserved 1048576K
}

